5/22/2025 6:32:08 PM: Attempting to load fx.wav from: D:\Project\WPF\05 2025\StoriesApplication v78\StoriesApplication\bin\Debug\fx.wav
5/22/2025 6:32:08 PM: NAudio initialized successfully.
5/22/2025 6:32:15 PM: SelectionChanged triggered.
5/22/2025 6:32:15 PM: Sound played with NAudio.
5/22/2025 6:32:16 PM: SelectionChanged triggered.
5/22/2025 6:32:16 PM: Sound played with NAudio.
5/22/2025 6:32:17 PM: SelectionChanged triggered.
5/22/2025 6:32:17 PM: Sound played with NAudio.
5/22/2025 6:32:17 PM: SelectionChanged triggered.
5/22/2025 6:32:17 PM: Sound played with NAudio.
5/22/2025 6:32:18 PM: SelectionChanged triggered.
5/22/2025 6:32:18 PM: Sound played with NAudio.
5/22/2025 6:32:18 PM: SelectionChanged triggered.
5/22/2025 6:32:18 PM: Sound played with NAudio.
5/22/2025 6:32:18 PM: SelectionChanged triggered.
5/22/2025 6:32:18 PM: Sound played with NAudio.
5/22/2025 6:32:19 PM: SelectionChanged triggered.
5/22/2025 6:32:19 PM: Sound played with NAudio.
5/22/2025 6:32:19 PM: SelectionChanged triggered.
5/22/2025 6:32:19 PM: Sound played with NAudio.
5/22/2025 6:32:20 PM: SelectionChanged triggered.
5/22/2025 6:32:20 PM: Sound played with NAudio.
5/22/2025 6:32:20 PM: SelectionChanged triggered.
5/22/2025 6:32:20 PM: Sound played with NAudio.
5/22/2025 6:32:20 PM: SelectionChanged triggered.
5/22/2025 6:32:20 PM: Sound played with NAudio.
5/22/2025 6:32:20 PM: SelectionChanged triggered.
5/22/2025 6:32:20 PM: Sound played with NAudio.
5/22/2025 6:32:20 PM: SelectionChanged triggered.
5/22/2025 6:32:20 PM: Sound played with NAudio.
5/22/2025 6:32:20 PM: SelectionChanged triggered.
5/22/2025 6:32:20 PM: Sound played with NAudio.
5/22/2025 6:32:21 PM: SelectionChanged triggered.
5/22/2025 6:32:21 PM: Sound played with NAudio.
5/22/2025 6:32:21 PM: SelectionChanged triggered.
5/22/2025 6:32:21 PM: Sound played with NAudio.
5/22/2025 6:32:21 PM: SelectionChanged triggered.
5/22/2025 6:32:21 PM: Sound played with NAudio.
5/22/2025 6:32:21 PM: SelectionChanged triggered.
5/22/2025 6:32:21 PM: Sound played with NAudio.
5/22/2025 6:32:22 PM: SelectionChanged triggered.
5/22/2025 6:32:22 PM: Sound played with NAudio.
5/22/2025 6:32:22 PM: SelectionChanged triggered.
5/22/2025 6:32:22 PM: Sound played with NAudio.
5/22/2025 6:32:22 PM: SelectionChanged triggered.
5/22/2025 6:32:22 PM: Sound played with NAudio.
5/22/2025 6:32:22 PM: SelectionChanged triggered.
5/22/2025 6:32:22 PM: Sound played with NAudio.
5/22/2025 6:32:22 PM: SelectionChanged triggered.
5/22/2025 6:32:22 PM: Sound played with NAudio.
5/22/2025 6:32:23 PM: SelectionChanged triggered.
5/22/2025 6:32:23 PM: Sound played with NAudio.
5/22/2025 6:32:23 PM: SelectionChanged triggered.
5/22/2025 6:32:23 PM: Sound played with NAudio.
5/22/2025 6:32:23 PM: SelectionChanged triggered.
5/22/2025 6:32:23 PM: Sound played with NAudio.
5/22/2025 6:32:23 PM: SelectionChanged triggered.
5/22/2025 6:32:23 PM: Sound played with NAudio.
5/22/2025 6:32:24 PM: SelectionChanged triggered.
5/22/2025 6:32:24 PM: Sound played with NAudio.
5/22/2025 6:32:24 PM: SelectionChanged triggered.
5/22/2025 6:32:24 PM: Sound played with NAudio.
5/22/2025 6:32:24 PM: SelectionChanged triggered.
5/22/2025 6:32:24 PM: Sound played with NAudio.
5/22/2025 6:32:24 PM: SelectionChanged triggered.
5/22/2025 6:32:24 PM: Sound played with NAudio.
5/22/2025 6:32:24 PM: SelectionChanged triggered.
5/22/2025 6:32:24 PM: Sound played with NAudio.
5/22/2025 6:32:24 PM: SelectionChanged triggered.
5/22/2025 6:32:24 PM: Sound played with NAudio.
5/22/2025 6:32:25 PM: SelectionChanged triggered.
5/22/2025 6:32:25 PM: Sound played with NAudio.
5/22/2025 6:32:25 PM: SelectionChanged triggered.
5/22/2025 6:32:25 PM: Sound played with NAudio.
5/22/2025 6:32:25 PM: SelectionChanged triggered.
5/22/2025 6:32:25 PM: Sound played with NAudio.
5/22/2025 6:32:25 PM: SelectionChanged triggered.
5/22/2025 6:32:25 PM: Sound played with NAudio.
5/22/2025 6:32:25 PM: SelectionChanged triggered.
5/22/2025 6:32:25 PM: Sound played with NAudio.
5/22/2025 6:32:25 PM: SelectionChanged triggered.
5/22/2025 6:32:25 PM: Sound played with NAudio.
5/22/2025 6:32:25 PM: SelectionChanged triggered.
5/22/2025 6:32:25 PM: Sound played with NAudio.
5/22/2025 6:32:26 PM: SelectionChanged triggered.
5/22/2025 6:32:26 PM: Sound played with NAudio.
5/22/2025 6:32:27 PM: SelectionChanged triggered.
5/22/2025 6:32:27 PM: Sound played with NAudio.
5/22/2025 6:32:27 PM: SelectionChanged triggered.
5/22/2025 6:32:27 PM: Sound played with NAudio.
5/22/2025 6:32:28 PM: SelectionChanged triggered.
5/22/2025 6:32:28 PM: Sound played with NAudio.
5/22/2025 6:32:29 PM: SelectionChanged triggered.
5/22/2025 6:32:29 PM: Sound played with NAudio.
5/22/2025 6:32:29 PM: SelectionChanged triggered.
5/22/2025 6:32:29 PM: Sound played with NAudio.
5/22/2025 6:32:30 PM: SelectionChanged triggered.
5/22/2025 6:32:30 PM: Sound played with NAudio.
5/22/2025 6:32:30 PM: SelectionChanged triggered.
5/22/2025 6:32:30 PM: Sound played with NAudio.
5/22/2025 6:32:30 PM: SelectionChanged triggered.
5/22/2025 6:32:30 PM: Sound played with NAudio.
5/22/2025 6:32:30 PM: SelectionChanged triggered.
5/22/2025 6:32:30 PM: Sound played with NAudio.
5/22/2025 6:32:30 PM: SelectionChanged triggered.
5/22/2025 6:32:30 PM: Sound played with NAudio.
5/22/2025 6:32:30 PM: SelectionChanged triggered.
5/22/2025 6:32:30 PM: Sound played with NAudio.
5/22/2025 6:32:30 PM: SelectionChanged triggered.
5/22/2025 6:32:30 PM: Sound played with NAudio.
5/22/2025 6:32:31 PM: SelectionChanged triggered.
5/22/2025 6:32:31 PM: Sound played with NAudio.
5/22/2025 6:32:31 PM: SelectionChanged triggered.
5/22/2025 6:32:31 PM: Sound played with NAudio.
5/22/2025 6:32:32 PM: SelectionChanged triggered.
5/22/2025 6:32:32 PM: Sound played with NAudio.
5/22/2025 6:32:32 PM: SelectionChanged triggered.
5/22/2025 6:32:32 PM: Sound played with NAudio.
5/22/2025 6:32:32 PM: SelectionChanged triggered.
5/22/2025 6:32:32 PM: Sound played with NAudio.
5/22/2025 6:32:32 PM: SelectionChanged triggered.
5/22/2025 6:32:32 PM: Sound played with NAudio.
5/22/2025 6:38:35 PM: Attempting to load fx.wav from: D:\Project\WPF\05 2025\StoriesApplication v78\StoriesApplication\bin\Debug\fx.wav
5/22/2025 6:38:36 PM: NAudio initialized successfully.
5/22/2025 6:38:42 PM: Attempting to load fx.wav from: D:\Project\WPF\05 2025\StoriesApplication v78\StoriesApplication\bin\Debug\fx.wav
5/22/2025 6:38:42 PM: NAudio initialized successfully.
5/22/2025 6:38:47 PM: SelectionChanged triggered.
5/22/2025 6:38:47 PM: Sound played with NAudio.
5/22/2025 6:38:49 PM: [fChapterWindow] Attempting to load fx.wav from: D:\Project\WPF\05 2025\StoriesApplication v78\StoriesApplication\bin\Debug\fx.wav
5/22/2025 6:38:49 PM: [fChapterWindow] NAudio initialized successfully.
5/22/2025 6:38:50 PM: [fChapterWindow] SelectionChanged triggered.
5/22/2025 6:38:50 PM: [fChapterWindow] Sound played with NAudio.
5/22/2025 6:38:52 PM: SelectionChanged triggered.
5/22/2025 6:38:52 PM: Sound played with NAudio.
5/22/2025 6:38:52 PM: [fChapterWindow] Attempting to load fx.wav from: D:\Project\WPF\05 2025\StoriesApplication v78\StoriesApplication\bin\Debug\fx.wav
5/22/2025 6:38:52 PM: [fChapterWindow] NAudio initialized successfully.
5/22/2025 6:38:56 PM: [fChapterWindow] SelectionChanged triggered.
5/22/2025 6:38:56 PM: [fChapterWindow] Sound played with NAudio.
5/22/2025 6:38:58 PM: [fChapterWindow] SelectionChanged triggered.
5/22/2025 6:38:58 PM: [fChapterWindow] Sound played with NAudio.
5/22/2025 6:38:58 PM: [fChapterWindow] SelectionChanged triggered.
5/22/2025 6:38:58 PM: [fChapterWindow] Sound played with NAudio.
5/22/2025 6:38:58 PM: [fChapterWindow] SelectionChanged triggered.
5/22/2025 6:38:58 PM: [fChapterWindow] Sound played with NAudio.
5/22/2025 6:38:58 PM: [fChapterWindow] SelectionChanged triggered.
5/22/2025 6:38:58 PM: [fChapterWindow] Sound played with NAudio.
5/22/2025 6:38:58 PM: [fChapterWindow] SelectionChanged triggered.
5/22/2025 6:38:58 PM: [fChapterWindow] Sound played with NAudio.
5/22/2025 6:38:59 PM: [fChapterWindow] SelectionChanged triggered.
5/22/2025 6:38:59 PM: [fChapterWindow] Sound played with NAudio.
5/22/2025 6:39:00 PM: [fChapterWindow] SelectionChanged triggered.
5/22/2025 6:39:00 PM: [fChapterWindow] Sound played with NAudio.
5/22/2025 6:39:02 PM: [fChapterWindow] SelectionChanged triggered.
5/22/2025 6:39:02 PM: [fChapterWindow] Sound played with NAudio.
5/22/2025 6:39:03 PM: [fChapterWindow] SelectionChanged triggered.
5/22/2025 6:39:03 PM: [fChapterWindow] Sound played with NAudio.
5/22/2025 6:39:05 PM: [fChapterWindow] SelectionChanged triggered.
5/22/2025 6:39:05 PM: [fChapterWindow] Sound played with NAudio.
5/22/2025 6:39:05 PM: [fChapterWindow] SelectionChanged triggered.
5/22/2025 6:39:05 PM: [fChapterWindow] Sound played with NAudio.
5/22/2025 6:39:05 PM: [fChapterWindow] SelectionChanged triggered.
5/22/2025 6:39:05 PM: [fChapterWindow] Sound played with NAudio.
5/22/2025 6:39:05 PM: [fChapterWindow] SelectionChanged triggered.
5/22/2025 6:39:05 PM: [fChapterWindow] Sound played with NAudio.
5/22/2025 6:39:05 PM: [fChapterWindow] SelectionChanged triggered.
5/22/2025 6:39:05 PM: [fChapterWindow] Sound played with NAudio.
5/22/2025 6:39:06 PM: [fChapterWindow] SelectionChanged triggered.
5/22/2025 6:39:06 PM: [fChapterWindow] Sound played with NAudio.
5/22/2025 6:39:06 PM: [fChapterWindow] SelectionChanged triggered.
5/22/2025 6:39:06 PM: [fChapterWindow] Sound played with NAudio.
5/22/2025 6:39:06 PM: [fChapterWindow] SelectionChanged triggered.
5/22/2025 6:39:06 PM: [fChapterWindow] Sound played with NAudio.
5/22/2025 6:39:06 PM: [fChapterWindow] SelectionChanged triggered.
5/22/2025 6:39:06 PM: [fChapterWindow] Sound played with NAudio.
5/22/2025 6:39:06 PM: [fChapterWindow] SelectionChanged triggered.
5/22/2025 6:39:06 PM: [fChapterWindow] Sound played with NAudio.
5/22/2025 6:39:07 PM: [fChapterWindow] SelectionChanged triggered.
5/22/2025 6:39:07 PM: [fChapterWindow] Sound played with NAudio.
5/22/2025 6:39:07 PM: [fChapterWindow] SelectionChanged triggered.
5/22/2025 6:39:07 PM: [fChapterWindow] Sound skipped due to debounce.
5/22/2025 6:39:07 PM: [fChapterWindow] SelectionChanged triggered.
5/22/2025 6:39:07 PM: [fChapterWindow] Sound played with NAudio.
5/22/2025 6:39:07 PM: [fChapterWindow] SelectionChanged triggered.
5/22/2025 6:39:07 PM: [fChapterWindow] Sound skipped due to debounce.
5/22/2025 6:39:07 PM: [fChapterWindow] SelectionChanged triggered.
5/22/2025 6:39:07 PM: [fChapterWindow] Sound played with NAudio.
5/22/2025 6:39:07 PM: [fChapterWindow] SelectionChanged triggered.
5/22/2025 6:39:07 PM: [fChapterWindow] Sound skipped due to debounce.
5/22/2025 6:39:07 PM: [fChapterWindow] SelectionChanged triggered.
5/22/2025 6:39:07 PM: [fChapterWindow] Sound played with NAudio.
5/22/2025 6:39:07 PM: [fChapterWindow] SelectionChanged triggered.
5/22/2025 6:39:07 PM: [fChapterWindow] Sound skipped due to debounce.
5/22/2025 6:39:07 PM: [fChapterWindow] SelectionChanged triggered.
5/22/2025 6:39:07 PM: [fChapterWindow] Sound played with NAudio.
5/22/2025 6:39:07 PM: [fChapterWindow] SelectionChanged triggered.
5/22/2025 6:39:07 PM: [fChapterWindow] Sound skipped due to debounce.
5/22/2025 6:39:07 PM: [fChapterWindow] SelectionChanged triggered.
5/22/2025 6:39:07 PM: [fChapterWindow] Sound played with NAudio.
5/22/2025 6:39:07 PM: [fChapterWindow] SelectionChanged triggered.
5/22/2025 6:39:07 PM: [fChapterWindow] Sound skipped due to debounce.
5/22/2025 6:39:07 PM: [fChapterWindow] SelectionChanged triggered.
5/22/2025 6:39:07 PM: [fChapterWindow] Sound played with NAudio.
5/22/2025 6:39:07 PM: [fChapterWindow] SelectionChanged triggered.
5/22/2025 6:39:07 PM: [fChapterWindow] Sound skipped due to debounce.
5/22/2025 6:39:07 PM: [fChapterWindow] SelectionChanged triggered.
5/22/2025 6:39:07 PM: [fChapterWindow] Sound played with NAudio.
5/22/2025 6:39:07 PM: [fChapterWindow] SelectionChanged triggered.
5/22/2025 6:39:07 PM: [fChapterWindow] Sound skipped due to debounce.
5/22/2025 6:39:07 PM: [fChapterWindow] SelectionChanged triggered.
5/22/2025 6:39:07 PM: [fChapterWindow] Sound played with NAudio.
5/22/2025 6:39:07 PM: [fChapterWindow] SelectionChanged triggered.
5/22/2025 6:39:07 PM: [fChapterWindow] Sound skipped due to debounce.
5/22/2025 6:39:07 PM: [fChapterWindow] SelectionChanged triggered.
5/22/2025 6:39:07 PM: [fChapterWindow] Sound played with NAudio.
5/22/2025 6:39:07 PM: [fChapterWindow] SelectionChanged triggered.
5/22/2025 6:39:07 PM: [fChapterWindow] Sound skipped due to debounce.
5/22/2025 6:39:07 PM: [fChapterWindow] SelectionChanged triggered.
5/22/2025 6:39:07 PM: [fChapterWindow] Sound played with NAudio.
5/22/2025 6:39:08 PM: [fChapterWindow] SelectionChanged triggered.
5/22/2025 6:39:08 PM: [fChapterWindow] Sound skipped due to debounce.
5/22/2025 6:39:08 PM: [fChapterWindow] SelectionChanged triggered.
5/22/2025 6:39:08 PM: [fChapterWindow] Sound played with NAudio.
5/22/2025 6:39:08 PM: [fChapterWindow] SelectionChanged triggered.
5/22/2025 6:39:08 PM: [fChapterWindow] Sound skipped due to debounce.
5/22/2025 6:39:08 PM: [fChapterWindow] SelectionChanged triggered.
5/22/2025 6:39:08 PM: [fChapterWindow] Sound played with NAudio.
5/22/2025 6:39:08 PM: [fChapterWindow] SelectionChanged triggered.
5/22/2025 6:39:08 PM: [fChapterWindow] Sound skipped due to debounce.
5/22/2025 6:39:08 PM: [fChapterWindow] SelectionChanged triggered.
5/22/2025 6:39:08 PM: [fChapterWindow] Sound played with NAudio.
5/22/2025 6:39:08 PM: [fChapterWindow] SelectionChanged triggered.
5/22/2025 6:39:08 PM: [fChapterWindow] Sound skipped due to debounce.
5/22/2025 6:39:08 PM: [fChapterWindow] SelectionChanged triggered.
5/22/2025 6:39:08 PM: [fChapterWindow] Sound played with NAudio.
5/22/2025 6:39:08 PM: [fChapterWindow] SelectionChanged triggered.
5/22/2025 6:39:08 PM: [fChapterWindow] Sound skipped due to debounce.
5/22/2025 6:39:08 PM: [fChapterWindow] SelectionChanged triggered.
5/22/2025 6:39:08 PM: [fChapterWindow] Sound played with NAudio.
5/22/2025 6:39:08 PM: [fChapterWindow] SelectionChanged triggered.
5/22/2025 6:39:08 PM: [fChapterWindow] Sound skipped due to debounce.
5/22/2025 6:39:08 PM: [fChapterWindow] SelectionChanged triggered.
5/22/2025 6:39:08 PM: [fChapterWindow] Sound played with NAudio.
5/22/2025 6:39:08 PM: [fChapterWindow] SelectionChanged triggered.
5/22/2025 6:39:08 PM: [fChapterWindow] Sound skipped due to debounce.
5/22/2025 6:39:08 PM: [fChapterWindow] SelectionChanged triggered.
5/22/2025 6:39:08 PM: [fChapterWindow] Sound played with NAudio.
5/22/2025 6:39:08 PM: [fChapterWindow] SelectionChanged triggered.
5/22/2025 6:39:08 PM: [fChapterWindow] Sound skipped due to debounce.
5/22/2025 6:39:08 PM: [fChapterWindow] SelectionChanged triggered.
5/22/2025 6:39:08 PM: [fChapterWindow] Sound played with NAudio.
5/22/2025 6:39:08 PM: [fChapterWindow] SelectionChanged triggered.
5/22/2025 6:39:08 PM: [fChapterWindow] Sound skipped due to debounce.
5/22/2025 6:39:08 PM: [fChapterWindow] SelectionChanged triggered.
5/22/2025 6:39:08 PM: [fChapterWindow] Sound played with NAudio.
5/22/2025 6:39:08 PM: [fChapterWindow] SelectionChanged triggered.
5/22/2025 6:39:08 PM: [fChapterWindow] Sound skipped due to debounce.
5/22/2025 6:39:08 PM: [fChapterWindow] SelectionChanged triggered.
5/22/2025 6:39:08 PM: [fChapterWindow] Sound played with NAudio.
5/22/2025 6:39:08 PM: [fChapterWindow] SelectionChanged triggered.
5/22/2025 6:39:08 PM: [fChapterWindow] Sound skipped due to debounce.
5/22/2025 6:39:08 PM: [fChapterWindow] SelectionChanged triggered.
5/22/2025 6:39:08 PM: [fChapterWindow] Sound played with NAudio.
5/22/2025 6:39:08 PM: [fChapterWindow] SelectionChanged triggered.
5/22/2025 6:39:08 PM: [fChapterWindow] Sound skipped due to debounce.
5/22/2025 6:39:08 PM: [fChapterWindow] SelectionChanged triggered.
5/22/2025 6:39:08 PM: [fChapterWindow] Sound played with NAudio.
5/22/2025 6:39:08 PM: [fChapterWindow] SelectionChanged triggered.
5/22/2025 6:39:08 PM: [fChapterWindow] Sound skipped due to debounce.
5/22/2025 6:39:08 PM: [fChapterWindow] SelectionChanged triggered.
5/22/2025 6:39:08 PM: [fChapterWindow] Sound played with NAudio.
5/22/2025 6:39:08 PM: [fChapterWindow] SelectionChanged triggered.
5/22/2025 6:39:08 PM: [fChapterWindow] Sound skipped due to debounce.
5/22/2025 6:39:08 PM: [fChapterWindow] SelectionChanged triggered.
5/22/2025 6:39:08 PM: [fChapterWindow] Sound played with NAudio.
5/22/2025 6:39:08 PM: [fChapterWindow] SelectionChanged triggered.
5/22/2025 6:39:08 PM: [fChapterWindow] Sound skipped due to debounce.
5/22/2025 6:39:08 PM: [fChapterWindow] SelectionChanged triggered.
5/22/2025 6:39:08 PM: [fChapterWindow] Sound played with NAudio.
5/22/2025 6:39:09 PM: [fChapterWindow] SelectionChanged triggered.
5/22/2025 6:39:09 PM: [fChapterWindow] Sound skipped due to debounce.
5/22/2025 6:39:09 PM: [fChapterWindow] SelectionChanged triggered.
5/22/2025 6:39:09 PM: [fChapterWindow] Sound played with NAudio.
5/22/2025 6:39:09 PM: [fChapterWindow] SelectionChanged triggered.
5/22/2025 6:39:09 PM: [fChapterWindow] Sound skipped due to debounce.
5/22/2025 6:39:09 PM: [fChapterWindow] SelectionChanged triggered.
5/22/2025 6:39:09 PM: [fChapterWindow] Sound played with NAudio.
5/22/2025 6:39:09 PM: [fChapterWindow] SelectionChanged triggered.
5/22/2025 6:39:09 PM: [fChapterWindow] Sound skipped due to debounce.
5/22/2025 6:39:09 PM: [fChapterWindow] SelectionChanged triggered.
5/22/2025 6:39:09 PM: [fChapterWindow] Sound played with NAudio.
5/22/2025 6:39:09 PM: [fChapterWindow] SelectionChanged triggered.
5/22/2025 6:39:09 PM: [fChapterWindow] Sound skipped due to debounce.
5/22/2025 6:39:09 PM: [fChapterWindow] SelectionChanged triggered.
5/22/2025 6:39:09 PM: [fChapterWindow] Sound played with NAudio.
5/22/2025 6:39:09 PM: [fChapterWindow] SelectionChanged triggered.
5/22/2025 6:39:09 PM: [fChapterWindow] Sound skipped due to debounce.
5/22/2025 6:39:09 PM: [fChapterWindow] SelectionChanged triggered.
5/22/2025 6:39:09 PM: [fChapterWindow] Sound played with NAudio.
5/22/2025 6:39:09 PM: [fChapterWindow] SelectionChanged triggered.
5/22/2025 6:39:09 PM: [fChapterWindow] Sound skipped due to debounce.
5/22/2025 6:39:09 PM: [fChapterWindow] SelectionChanged triggered.
5/22/2025 6:39:09 PM: [fChapterWindow] Sound played with NAudio.
5/22/2025 6:39:09 PM: [fChapterWindow] SelectionChanged triggered.
5/22/2025 6:39:09 PM: [fChapterWindow] Sound skipped due to debounce.
5/22/2025 6:39:09 PM: [fChapterWindow] SelectionChanged triggered.
5/22/2025 6:39:09 PM: [fChapterWindow] Sound played with NAudio.
5/22/2025 6:39:09 PM: [fChapterWindow] SelectionChanged triggered.
5/22/2025 6:39:09 PM: [fChapterWindow] Sound skipped due to debounce.
5/22/2025 6:39:09 PM: [fChapterWindow] SelectionChanged triggered.
5/22/2025 6:39:09 PM: [fChapterWindow] Sound played with NAudio.
5/22/2025 6:39:09 PM: [fChapterWindow] SelectionChanged triggered.
5/22/2025 6:39:09 PM: [fChapterWindow] Sound skipped due to debounce.
5/22/2025 6:39:09 PM: [fChapterWindow] SelectionChanged triggered.
5/22/2025 6:39:09 PM: [fChapterWindow] Sound played with NAudio.
5/22/2025 6:39:09 PM: [fChapterWindow] SelectionChanged triggered.
5/22/2025 6:39:09 PM: [fChapterWindow] Sound skipped due to debounce.
5/22/2025 6:39:09 PM: [fChapterWindow] SelectionChanged triggered.
5/22/2025 6:39:09 PM: [fChapterWindow] Sound played with NAudio.
5/22/2025 6:39:09 PM: [fChapterWindow] SelectionChanged triggered.
5/22/2025 6:39:09 PM: [fChapterWindow] Sound skipped due to debounce.
5/22/2025 6:39:09 PM: [fChapterWindow] SelectionChanged triggered.
5/22/2025 6:39:09 PM: [fChapterWindow] Sound played with NAudio.
5/22/2025 6:39:09 PM: [fChapterWindow] SelectionChanged triggered.
5/22/2025 6:39:09 PM: [fChapterWindow] Sound skipped due to debounce.
5/22/2025 6:39:09 PM: [fChapterWindow] SelectionChanged triggered.
5/22/2025 6:39:09 PM: [fChapterWindow] Sound played with NAudio.
5/22/2025 6:39:10 PM: [fChapterWindow] SelectionChanged triggered.
5/22/2025 6:39:10 PM: [fChapterWindow] Sound played with NAudio.
5/22/2025 6:39:10 PM: [fChapterWindow] SelectionChanged triggered.
5/22/2025 6:39:10 PM: [fChapterWindow] Sound played with NAudio.
5/22/2025 6:39:11 PM: [fChapterWindow] SelectionChanged triggered.
5/22/2025 6:39:11 PM: [fChapterWindow] Sound played with NAudio.
5/22/2025 6:40:57 PM: Attempting to load fx.wav from: D:\Project\WPF\05 2025\StoriesApplication v78\StoriesApplication\bin\Debug\fx.wav
5/22/2025 6:40:58 PM: NAudio initialized successfully.
5/22/2025 6:41:03 PM: SelectionChanged triggered.
5/22/2025 6:41:03 PM: Sound played with NAudio.
5/22/2025 6:41:05 PM: SelectionChanged triggered.
5/22/2025 6:41:05 PM: Sound played with NAudio.
5/22/2025 6:41:06 PM: SelectionChanged triggered.
5/22/2025 6:41:06 PM: Sound played with NAudio.
5/22/2025 6:41:06 PM: SelectionChanged triggered.
5/22/2025 6:41:06 PM: Sound played with NAudio.
5/22/2025 6:41:10 PM: SelectionChanged triggered.
5/22/2025 6:41:10 PM: Sound played with NAudio.
5/22/2025 6:41:11 PM: SelectionChanged triggered.
5/22/2025 6:41:11 PM: Sound played with NAudio.
5/22/2025 6:41:11 PM: SelectionChanged triggered.
5/22/2025 6:41:11 PM: Sound played with NAudio.
5/22/2025 6:41:12 PM: SelectionChanged triggered.
5/22/2025 6:41:12 PM: Sound played with NAudio.
5/22/2025 6:41:12 PM: SelectionChanged triggered.
5/22/2025 6:41:12 PM: Sound played with NAudio.
5/22/2025 6:41:12 PM: SelectionChanged triggered.
5/22/2025 6:41:12 PM: Sound played with NAudio.
5/22/2025 6:41:12 PM: SelectionChanged triggered.
5/22/2025 6:41:12 PM: Sound played with NAudio.
5/22/2025 6:41:13 PM: SelectionChanged triggered.
5/22/2025 6:41:13 PM: Sound played with NAudio.
5/22/2025 6:41:13 PM: SelectionChanged triggered.
5/22/2025 6:41:13 PM: Sound played with NAudio.
5/22/2025 6:41:14 PM: SelectionChanged triggered.
5/22/2025 6:41:14 PM: Sound played with NAudio.
5/22/2025 6:41:15 PM: SelectionChanged triggered.
5/22/2025 6:41:15 PM: Sound played with NAudio.
5/22/2025 6:41:15 PM: SelectionChanged triggered.
5/22/2025 6:41:15 PM: Sound played with NAudio.
5/22/2025 6:41:16 PM: SelectionChanged triggered.
5/22/2025 6:41:16 PM: Sound played with NAudio.
5/22/2025 6:41:16 PM: SelectionChanged triggered.
5/22/2025 6:41:16 PM: Sound played with NAudio.
5/22/2025 6:41:16 PM: SelectionChanged triggered.
5/22/2025 6:41:16 PM: Sound played with NAudio.
5/22/2025 6:41:16 PM: SelectionChanged triggered.
5/22/2025 6:41:16 PM: Sound played with NAudio.
5/22/2025 6:41:16 PM: SelectionChanged triggered.
5/22/2025 6:41:16 PM: Sound played with NAudio.
5/22/2025 6:41:16 PM: SelectionChanged triggered.
5/22/2025 6:41:16 PM: Sound played with NAudio.
5/22/2025 6:41:17 PM: SelectionChanged triggered.
5/22/2025 6:41:17 PM: Sound played with NAudio.
5/22/2025 6:41:17 PM: SelectionChanged triggered.
5/22/2025 6:41:17 PM: Sound played with NAudio.
5/22/2025 6:41:17 PM: SelectionChanged triggered.
5/22/2025 6:41:17 PM: Sound played with NAudio.
5/22/2025 6:41:17 PM: SelectionChanged triggered.
5/22/2025 6:41:17 PM: Sound played with NAudio.
5/22/2025 6:41:18 PM: SelectionChanged triggered.
5/22/2025 6:41:18 PM: Sound played with NAudio.
5/22/2025 6:41:18 PM: SelectionChanged triggered.
5/22/2025 6:41:18 PM: Sound played with NAudio.
5/22/2025 6:41:18 PM: SelectionChanged triggered.
5/22/2025 6:41:18 PM: Sound played with NAudio.
5/22/2025 6:41:18 PM: SelectionChanged triggered.
5/22/2025 6:41:18 PM: Sound played with NAudio.
5/22/2025 6:41:19 PM: SelectionChanged triggered.
5/22/2025 6:41:19 PM: Sound played with NAudio.
5/22/2025 6:41:19 PM: SelectionChanged triggered.
5/22/2025 6:41:19 PM: Sound played with NAudio.
5/22/2025 6:41:19 PM: SelectionChanged triggered.
5/22/2025 6:41:19 PM: Sound played with NAudio.
5/22/2025 6:41:19 PM: SelectionChanged triggered.
5/22/2025 6:41:19 PM: Sound played with NAudio.
5/22/2025 6:41:19 PM: SelectionChanged triggered.
5/22/2025 6:41:19 PM: Sound played with NAudio.
5/22/2025 6:41:19 PM: SelectionChanged triggered.
5/22/2025 6:41:19 PM: Sound played with NAudio.
5/22/2025 6:41:20 PM: SelectionChanged triggered.
5/22/2025 6:41:20 PM: Sound played with NAudio.
5/22/2025 6:41:20 PM: SelectionChanged triggered.
5/22/2025 6:41:20 PM: Sound played with NAudio.
5/22/2025 6:41:20 PM: SelectionChanged triggered.
5/22/2025 6:41:20 PM: Sound played with NAudio.
5/22/2025 6:41:20 PM: SelectionChanged triggered.
5/22/2025 6:41:20 PM: Sound played with NAudio.
5/22/2025 6:41:21 PM: SelectionChanged triggered.
5/22/2025 6:41:21 PM: Sound played with NAudio.
5/22/2025 6:41:21 PM: SelectionChanged triggered.
5/22/2025 6:41:21 PM: Sound played with NAudio.
5/22/2025 6:41:21 PM: SelectionChanged triggered.
5/22/2025 6:41:21 PM: Sound played with NAudio.
5/22/2025 6:41:21 PM: SelectionChanged triggered.
5/22/2025 6:41:21 PM: Sound played with NAudio.
5/22/2025 6:41:21 PM: SelectionChanged triggered.
5/22/2025 6:41:21 PM: Sound played with NAudio.
5/22/2025 6:41:22 PM: SelectionChanged triggered.
5/22/2025 6:41:22 PM: Sound played with NAudio.
5/22/2025 6:41:22 PM: SelectionChanged triggered.
5/22/2025 6:41:22 PM: Sound played with NAudio.
5/22/2025 6:41:22 PM: SelectionChanged triggered.
5/22/2025 6:41:22 PM: Sound played with NAudio.
5/22/2025 6:41:22 PM: SelectionChanged triggered.
5/22/2025 6:41:22 PM: Sound played with NAudio.
5/22/2025 6:41:22 PM: SelectionChanged triggered.
5/22/2025 6:41:22 PM: Sound played with NAudio.
5/22/2025 6:41:23 PM: SelectionChanged triggered.
5/22/2025 6:41:23 PM: Sound played with NAudio.
5/22/2025 6:41:24 PM: SelectionChanged triggered.
5/22/2025 6:41:24 PM: Sound played with NAudio.
5/22/2025 6:41:24 PM: SelectionChanged triggered.
5/22/2025 6:41:24 PM: Sound played with NAudio.
5/22/2025 6:41:24 PM: SelectionChanged triggered.
5/22/2025 6:41:24 PM: Sound played with NAudio.
5/22/2025 6:41:24 PM: SelectionChanged triggered.
5/22/2025 6:41:24 PM: Sound played with NAudio.
5/22/2025 6:41:25 PM: SelectionChanged triggered.
5/22/2025 6:41:25 PM: Sound played with NAudio.
5/22/2025 6:41:25 PM: SelectionChanged triggered.
5/22/2025 6:41:25 PM: Sound skipped due to debounce.
5/22/2025 6:41:25 PM: SelectionChanged triggered.
5/22/2025 6:41:25 PM: Sound played with NAudio.
5/22/2025 6:41:25 PM: SelectionChanged triggered.
5/22/2025 6:41:25 PM: Sound skipped due to debounce.
5/22/2025 6:41:25 PM: SelectionChanged triggered.
5/22/2025 6:41:25 PM: Sound played with NAudio.
5/22/2025 6:41:25 PM: SelectionChanged triggered.
5/22/2025 6:41:25 PM: Sound skipped due to debounce.
5/22/2025 6:41:25 PM: SelectionChanged triggered.
5/22/2025 6:41:25 PM: Sound played with NAudio.
5/22/2025 6:41:25 PM: SelectionChanged triggered.
5/22/2025 6:41:25 PM: Sound skipped due to debounce.
5/22/2025 6:41:25 PM: SelectionChanged triggered.
5/22/2025 6:41:25 PM: Sound played with NAudio.
5/22/2025 6:41:25 PM: SelectionChanged triggered.
5/22/2025 6:41:25 PM: Sound skipped due to debounce.
5/22/2025 6:41:25 PM: SelectionChanged triggered.
5/22/2025 6:41:25 PM: Sound played with NAudio.
5/22/2025 6:41:25 PM: SelectionChanged triggered.
5/22/2025 6:41:25 PM: Sound skipped due to debounce.
5/22/2025 6:41:25 PM: SelectionChanged triggered.
5/22/2025 6:41:25 PM: Sound played with NAudio.
5/22/2025 6:41:25 PM: SelectionChanged triggered.
5/22/2025 6:41:25 PM: Sound skipped due to debounce.
5/22/2025 6:41:25 PM: SelectionChanged triggered.
5/22/2025 6:41:25 PM: Sound played with NAudio.
5/22/2025 6:41:25 PM: SelectionChanged triggered.
5/22/2025 6:41:25 PM: Sound skipped due to debounce.
5/22/2025 6:41:25 PM: SelectionChanged triggered.
5/22/2025 6:41:25 PM: Sound played with NAudio.
5/22/2025 6:41:25 PM: SelectionChanged triggered.
5/22/2025 6:41:25 PM: Sound skipped due to debounce.
5/22/2025 6:41:25 PM: SelectionChanged triggered.
5/22/2025 6:41:25 PM: Sound played with NAudio.
5/22/2025 6:41:25 PM: SelectionChanged triggered.
5/22/2025 6:41:25 PM: Sound skipped due to debounce.
5/22/2025 6:41:25 PM: SelectionChanged triggered.
5/22/2025 6:41:25 PM: Sound played with NAudio.
5/22/2025 6:41:25 PM: SelectionChanged triggered.
5/22/2025 6:41:25 PM: Sound skipped due to debounce.
5/22/2025 6:41:25 PM: SelectionChanged triggered.
5/22/2025 6:41:25 PM: Sound played with NAudio.
5/22/2025 6:41:25 PM: SelectionChanged triggered.
5/22/2025 6:41:25 PM: Sound skipped due to debounce.
5/22/2025 6:41:25 PM: SelectionChanged triggered.
5/22/2025 6:41:25 PM: Sound played with NAudio.
5/22/2025 6:41:25 PM: SelectionChanged triggered.
5/22/2025 6:41:25 PM: Sound skipped due to debounce.
5/22/2025 6:41:26 PM: SelectionChanged triggered.
5/22/2025 6:41:26 PM: Sound played with NAudio.
5/22/2025 6:41:26 PM: SelectionChanged triggered.
5/22/2025 6:41:26 PM: Sound skipped due to debounce.
5/22/2025 6:41:26 PM: SelectionChanged triggered.
5/22/2025 6:41:26 PM: Sound played with NAudio.
5/22/2025 6:41:26 PM: SelectionChanged triggered.
5/22/2025 6:41:26 PM: Sound skipped due to debounce.
5/22/2025 6:41:26 PM: SelectionChanged triggered.
5/22/2025 6:41:26 PM: Sound played with NAudio.
5/22/2025 6:41:26 PM: SelectionChanged triggered.
5/22/2025 6:41:26 PM: Sound skipped due to debounce.
5/22/2025 6:41:29 PM: SelectionChanged triggered.
5/22/2025 6:41:29 PM: Sound played with NAudio.
5/22/2025 6:41:30 PM: [fChapterWindow] Attempting to load fx.wav from: D:\Project\WPF\05 2025\StoriesApplication v78\StoriesApplication\bin\Debug\fx.wav
5/22/2025 6:41:30 PM: [fChapterWindow] NAudio initialized successfully.
5/22/2025 6:41:34 PM: [fChapterWindow] SelectionChanged triggered.
5/22/2025 6:41:34 PM: [fChapterWindow] Sound played with NAudio.
5/22/2025 6:41:35 PM: [fChapterWindow] SelectionChanged triggered.
5/22/2025 6:41:35 PM: [fChapterWindow] Sound played with NAudio.
5/22/2025 6:41:36 PM: [fChapterWindow] SelectionChanged triggered.
5/22/2025 6:41:36 PM: [fChapterWindow] Sound played with NAudio.
5/22/2025 6:41:36 PM: [fChapterWindow] SelectionChanged triggered.
5/22/2025 6:41:36 PM: [fChapterWindow] Sound played with NAudio.
5/22/2025 6:41:37 PM: [fChapterWindow] SelectionChanged triggered.
5/22/2025 6:41:37 PM: [fChapterWindow] Sound played with NAudio.
5/22/2025 6:41:38 PM: [fChapterWindow] SelectionChanged triggered.
5/22/2025 6:41:38 PM: [fChapterWindow] Sound played with NAudio.
5/22/2025 6:41:38 PM: [fChapterWindow] SelectionChanged triggered.
5/22/2025 6:41:38 PM: [fChapterWindow] Sound played with NAudio.
5/22/2025 6:41:39 PM: [fChapterWindow] SelectionChanged triggered.
5/22/2025 6:41:39 PM: [fChapterWindow] Sound played with NAudio.
5/22/2025 6:41:40 PM: [fChapterWindow] SelectionChanged triggered.
5/22/2025 6:41:40 PM: [fChapterWindow] Sound played with NAudio.
5/22/2025 6:41:40 PM: [fChapterWindow] SelectionChanged triggered.
5/22/2025 6:41:40 PM: [fChapterWindow] Sound played with NAudio.
5/22/2025 6:41:40 PM: [fChapterWindow] SelectionChanged triggered.
5/22/2025 6:41:40 PM: [fChapterWindow] Sound played with NAudio.
5/22/2025 6:41:40 PM: [fChapterWindow] SelectionChanged triggered.
5/22/2025 6:41:40 PM: [fChapterWindow] Sound played with NAudio.
5/22/2025 6:41:41 PM: [fChapterWindow] SelectionChanged triggered.
5/22/2025 6:41:41 PM: [fChapterWindow] Sound played with NAudio.
5/22/2025 6:41:41 PM: [fChapterWindow] SelectionChanged triggered.
5/22/2025 6:41:41 PM: [fChapterWindow] Sound played with NAudio.
5/22/2025 6:43:57 PM: Attempting to load fx.wav from: D:\Project\WPF\05 2025\StoriesApplication v78\StoriesApplication\bin\Debug\fx.wav
5/22/2025 6:43:58 PM: NAudio initialized successfully.
5/22/2025 6:44:09 PM: SelectionChanged triggered.
5/22/2025 6:44:09 PM: Sound played with NAudio.
5/22/2025 6:44:56 PM: Attempting to load fx.wav from: D:\Project\WPF\05 2025\StoriesApplication v78\StoriesApplication\bin\Debug\fx.wav
5/22/2025 6:44:57 PM: NAudio initialized successfully.
5/22/2025 6:50:13 PM: Attempting to load fx.wav from: D:\Project\WPF\05 2025\StoriesApplication v78\StoriesApplication\bin\Debug\fx.wav
5/22/2025 6:50:14 PM: NAudio initialized successfully.
5/22/2025 6:50:18 PM: SelectionChanged triggered.
5/22/2025 6:50:18 PM: Sound played with NAudio.
5/22/2025 6:51:30 PM: Attempting to load fx.wav from: D:\Project\WPF\05 2025\StoriesApplication v78\StoriesApplication\bin\Debug\fx.wav
5/22/2025 6:51:31 PM: NAudio initialized successfully.
5/22/2025 6:51:35 PM: SelectionChanged triggered.
5/22/2025 6:51:35 PM: Sound played with NAudio.
5/22/2025 6:51:36 PM: SelectionChanged triggered.
5/22/2025 6:51:36 PM: Sound played with NAudio.
5/22/2025 6:51:37 PM: SelectionChanged triggered.
5/22/2025 6:51:37 PM: Sound played with NAudio.
5/22/2025 6:51:37 PM: SelectionChanged triggered.
5/22/2025 6:51:37 PM: Sound played with NAudio.
